<?xml version="1.0" encoding="UTF-8"?>
<testng-results skipped="0" failed="0" total="1" passed="1">
  <reporter-output>
  </reporter-output>
  <suite name="Default suite" duration-ms="101862" started-at="2021-11-02T10:43:02Z" finished-at="2021-11-02T10:44:44Z">
    <groups>
    </groups>
    <test name="Default test" duration-ms="101862" started-at="2021-11-02T10:43:02Z" finished-at="2021-11-02T10:44:44Z">
      <class name="com.orangeHRM.testscript.PIM_AddEmployeeTest">
        <test-method status="PASS" signature="start()[pri:0, instance:com.orangeHRM.testscript.PIM_AddEmployeeTest@4dfa3a9d]" name="start" is-config="true" duration-ms="62281" started-at="2021-11-02T16:13:02Z" finished-at="2021-11-02T16:14:05Z">
          <reporter-output>
          </reporter-output>
        </test-method> <!-- start -->
        <test-method status="PASS" signature="verifyUserClicksAddEmployee()[pri:0, instance:com.orangeHRM.testscript.PIM_AddEmployeeTest@4dfa3a9d]" name="verifyUserClicksAddEmployee" duration-ms="39560" started-at="2021-11-02T16:14:05Z" finished-at="2021-11-02T16:14:44Z">
          <reporter-output>
          </reporter-output>
        </test-method> <!-- verifyUserClicksAddEmployee -->
      </class> <!-- com.orangeHRM.testscript.PIM_AddEmployeeTest -->
    </test> <!-- Default test -->
  </suite> <!-- Default suite -->
</testng-results>
